er time (seconds): 62.63
        System time (seconds): 14.69
        Percent of CPU this job got: 134%
        Elapsed (wall clock) time (h:mm:ss or m:ss): 0:57.33
        Average shared text size (kbytes): 0
        Average unshared data size (kbytes): 0
        Average stack size (kbytes): 0
        Average total size (kbytes): 0
        Maximum resident set size (kbytes): 4627872
        Average resident set size (kbytes): 0
        Major (requiring I/O) page faults: 12
        Minor (reclaiming a frame) page faults: 3415129
        Voluntary context switches: 1263
        Involuntary context switches: 537
        Swaps: 0
        File system inputs: 1053552
        File system outputs: 1605304
        Socket messages sent: 0
        Socket messages received: 0
        Signals delivered: 0
        Page size (bytes): 4096
        Exit status: 0
